# JRE version: OpenJDK Runtime Environment Temurin-21.0.6+7 (21.0.6+7) (build 21.0.6+7-LTS)
# Java VM: OpenJDK 64-Bit Server VM Temurin-21.0.6+7 (21.0.6+7-LTS, mixed mode, sharing, tiered, compressed oops, compressed class ptrs, parallel gc, windows-amd64)
GC Precious Log:
 CardTable entry size: 512
 CPUs: 4 total, 4 available
 Memory: 3460M
 Large Page Support: Disabled
 NUMA Support: Disabled
 Compressed Oops: Enabled (32-bit)
 Alignments: Space 512K, Generation 512K, Heap 2M
 Heap Min Capacity: 100M
 Heap Initial Capacity: 100M
 Heap Max Capacity: 1G
 Pre-touch: Disabled
 Parallel Workers: 4
Heap:
 PSYoungGen      total 3072K, used 1732K [0x00000000eab00000, 0x00000000eb100000, 0x0000000100000000)
  eden space 2560K, 62% used [0x00000000eab00000,0x00000000eac91160,0x00000000ead80000)
  from space 512K, 25% used [0x00000000eb080000,0x00000000eb0a0000,0x00000000eb100000)
  to   space 512K, 0% used [0x00000000eb000000,0x00000000eb000000,0x00000000eb080000)
 ParOldGen       total 679936K, used 679763K [0x00000000c0000000, 0x00000000e9800000, 0x00000000eab00000)
  object space 679936K, 99% used [0x00000000c0000000,0x00000000e97d4d50,0x00000000e9800000)
 Metaspace       used 69339K, committed 70848K, reserved 1114112K
  class space    used 7223K, committed 7872K, reserved 1048576K
GC Heap History (20 events):
Event: 104.231 GC heap before
{Heap before GC invocations=644 (full 3):
 PSYoungGen      total 3072K, used 2752K [0x00000000eab00000, 0x00000000eb100000, 0x0000000100000000)
  eden space 2560K, 100% used [0x00000000eab00000,0x00000000ead80000,0x00000000ead80000)
  from space 512K, 37% used [0x00000000eb080000,0x00000000eb0b0000,0x00000000eb100000)
  to   space 512K, 0% used [0x00000000eb000000,0x00000000eb000000,0x00000000eb080000)
 ParOldGen       total 679424K, used 679131K [0x00000000c0000000, 0x00000000e9780000, 0x00000000eab00000)
  object space 679424K, 99% used [0x00000000c0000000,0x00000000e9736d10,0x00000000e9780000)
 Metaspace       used 66702K, committed 68160K, reserved 1114112K
  class space    used 6791K, committed 7424K, reserved 1048576K
}
Event: 104.236 GC heap after
{Heap after GC invocations=644 (full 3):
 PSYoungGen      total 3072K, used 128K [0x00000000eab00000, 0x00000000eb100000, 0x0000000100000000)
  eden space 2560K, 0% used [0x00000000eab00000,0x00000000eab00000,0x00000000ead80000)
  from space 512K, 25% used [0x00000000eb000000,0x00000000eb020000,0x00000000eb080000)
  to   space 512K, 0% used [0x00000000eb080000,0x00000000eb080000,0x00000000eb100000)
 ParOldGen       total 679424K, used 679155K [0x00000000c0000000, 0x00000000e9780000, 0x00000000eab00000)
  object space 679424K, 99% used [0x00000000c0000000,0x00000000e973cd10,0x00000000e9780000)
 Metaspace       used 66702K, committed 68160K, reserved 1114112K
  class space    used 6791K, committed 7424K, reserved 1048576K
}
Event: 104.272 GC heap before
{Heap before GC invocations=645 (full 3):
 PSYoungGen      total 3072K, used 2680K [0x00000000eab00000, 0x00000000eb100000, 0x0000000100000000)
  eden space 2560K, 99% used [0x00000000eab00000,0x00000000ead7e250,0x00000000ead80000)
  from space 512K, 25% used [0x00000000eb000000,0x00000000eb020000,0x00000000eb080000)
  to   space 512K, 0% used [0x00000000eb080000,0x00000000eb080000,0x00000000eb100000)
 ParOldGen       total 679424K, used 679155K [0x00000000c0000000, 0x00000000e9780000, 0x00000000eab00000)
  object space 679424K, 99% used [0x00000000c0000000,0x00000000e973cd10,0x00000000e9780000)
 Metaspace       used 66844K, committed 68352K, reserved 1114112K
  class space    used 6821K, committed 7488K, reserved 1048576K
}
Event: 104.275 GC heap after
{Heap after GC invocations=645 (full 3):
 PSYoungGen      total 3072K, used 510K [0x00000000eab00000, 0x00000000eb100000, 0x0000000100000000)
  eden space 2560K, 0% used [0x00000000eab00000,0x00000000eab00000,0x00000000ead80000)
  from space 512K, 99% used [0x00000000eb080000,0x00000000eb0ff850,0x00000000eb100000)
  to   space 1024K, 0% used [0x00000000eaf00000,0x00000000eaf00000,0x00000000eb000000)
 ParOldGen       total 679424K, used 679171K [0x00000000c0000000, 0x00000000e9780000, 0x00000000eab00000)
  object space 679424K, 99% used [0x00000000c0000000,0x00000000e9740d10,0x00000000e9780000)
 Metaspace       used 66844K, committed 68352K, reserved 1114112K
  class space    used 6821K, committed 7488K, reserved 1048576K
}
Event: 104.398 GC heap before
{Heap before GC invocations=646 (full 3):
 PSYoungGen      total 3072K, used 3070K [0x00000000eab00000, 0x00000000eb100000, 0x0000000100000000)
  eden space 2560K, 100% used [0x00000000eab00000,0x00000000ead80000,0x00000000ead80000)
  from space 512K, 99% used [0x00000000eb080000,0x00000000eb0ff850,0x00000000eb100000)
  to   space 1024K, 0% used [0x00000000eaf00000,0x00000000eaf00000,0x00000000eb000000)
 ParOldGen       total 679424K, used 679171K [0x00000000c0000000, 0x00000000e9780000, 0x00000000eab00000)
  object space 679424K, 99% used [0x00000000c0000000,0x00000000e9740d10,0x00000000e9780000)
 Metaspace       used 67179K, committed 68608K, reserved 1114112K
  class space    used 6863K, committed 7488K, reserved 1048576K
}
Event: 104.400 GC heap after
{Heap after GC invocations=646 (full 3):
 PSYoungGen      total 3584K, used 160K [0x00000000eab00000, 0x00000000eb100000, 0x0000000100000000)
  eden space 2560K, 0% used [0x00000000eab00000,0x00000000eab00000,0x00000000ead80000)
  from space 1024K, 15% used [0x00000000eaf00000,0x00000000eaf28000,0x00000000eb000000)
  to   space 512K, 0% used [0x00000000eb080000,0x00000000eb080000,0x00000000eb100000)
 ParOldGen       total 679424K, used 679203K [0x00000000c0000000, 0x00000000e9780000, 0x00000000eab00000)
  object space 679424K, 99% used [0x00000000c0000000,0x00000000e9748d10,0x00000000e9780000)
 Metaspace       used 67179K, committed 68608K, reserved 1114112K
  class space    used 6863K, committed 7488K, reserved 1048576K
}
Event: 104.504 GC heap before
{Heap before GC invocations=647 (full 3):
 PSYoungGen      total 3584K, used 2720K [0x00000000eab00000, 0x00000000eb100000, 0x0000000100000000)
  eden space 2560K, 100% used [0x00000000eab00000,0x00000000ead80000,0x00000000ead80000)
  from space 1024K, 15% used [0x00000000eaf00000,0x00000000eaf28000,0x00000000eb000000)
  to   space 512K, 0% used [0x00000000eb080000,0x00000000eb080000,0x00000000eb100000)
 ParOldGen       total 679424K, used 679203K [0x00000000c0000000, 0x00000000e9780000, 0x00000000eab00000)
  object space 679424K, 99% used [0x00000000c0000000,0x00000000e9748d10,0x00000000e9780000)
 Metaspace       used 67567K, committed 69056K, reserved 1114112K
  class space    used 6911K, committed 7552K, reserved 1048576K
}
Event: 104.510 GC heap after
{Heap after GC invocations=647 (full 3):
 PSYoungGen      total 3072K, used 192K [0x00000000eab00000, 0x00000000eb100000, 0x0000000100000000)
  eden space 2560K, 0% used [0x00000000eab00000,0x00000000eab00000,0x00000000ead80000)
  from space 512K, 37% used [0x00000000eb080000,0x00000000eb0b0000,0x00000000eb100000)
  to   space 512K, 0% used [0x00000000eb000000,0x00000000eb000000,0x00000000eb080000)
 ParOldGen       total 679424K, used 679299K [0x00000000c0000000, 0x00000000e9780000, 0x00000000eab00000)
  object space 679424K, 99% used [0x00000000c0000000,0x00000000e9760d10,0x00000000e9780000)
 Metaspace       used 67567K, committed 69056K, reserved 1114112K
  class space    used 6911K, committed 7552K, reserved 1048576K
}
Event: 104.629 GC heap before
{Heap before GC invocations=648 (full 3):
 PSYoungGen      total 3072K, used 2752K [0x00000000eab00000, 0x00000000eb100000, 0x0000000100000000)
  eden space 2560K, 100% used [0x00000000eab00000,0x00000000ead80000,0x00000000ead80000)
  from space 512K, 37% used [0x00000000eb080000,0x00000000eb0b0000,0x00000000eb100000)
  to   space 512K, 0% used [0x00000000eb000000,0x00000000eb000000,0x00000000eb080000)
 ParOldGen       total 679424K, used 679299K [0x00000000c0000000, 0x00000000e9780000, 0x00000000eab00000)
  object space 679424K, 99% used [0x00000000c0000000,0x00000000e9760d10,0x00000000e9780000)
 Metaspace       used 67742K, committed 69312K, reserved 1114112K
  class space    used 6959K, committed 7616K, reserved 1048576K
}
Event: 104.633 GC heap after
{Heap after GC invocations=648 (full 3):
 PSYoungGen      total 3072K, used 96K [0x00000000eab00000, 0x00000000eb100000, 0x0000000100000000)
  eden space 2560K, 0% used [0x00000000eab00000,0x00000000eab00000,0x00000000ead80000)
  from space 512K, 18% used [0x00000000eb000000,0x00000000eb018000,0x00000000eb080000)
  to   space 512K, 0% used [0x00000000eb080000,0x00000000eb080000,0x00000000eb100000)
 ParOldGen       total 679424K, used 679403K [0x00000000c0000000, 0x00000000e9780000, 0x00000000eab00000)
  object space 679424K, 99% used [0x00000000c0000000,0x00000000e977ad40,0x00000000e9780000)
 Metaspace       used 67742K, committed 69312K, reserved 1114112K
  class space    used 6959K, committed 7616K, reserved 1048576K
}
Event: 104.711 GC heap before
{Heap before GC invocations=649 (full 3):
 PSYoungGen      total 3072K, used 2656K [0x00000000eab00000, 0x00000000eb100000, 0x0000000100000000)
  eden space 2560K, 100% used [0x00000000eab00000,0x00000000ead80000,0x00000000ead80000)
  from space 512K, 18% used [0x00000000eb000000,0x00000000eb018000,0x00000000eb080000)
  to   space 512K, 0% used [0x00000000eb080000,0x00000000eb080000,0x00000000eb100000)
 ParOldGen       total 679424K, used 679403K [0x00000000c0000000, 0x00000000e9780000, 0x00000000eab00000)
  object space 679424K, 99% used [0x00000000c0000000,0x00000000e977ad40,0x00000000e9780000)
 Metaspace       used 67973K, committed 69568K, reserved 1114112K
  class space    used 7007K, committed 7680K, reserved 1048576K
}
Event: 104.713 GC heap after
{Heap after GC invocations=649 (full 3):
 PSYoungGen      total 3072K, used 128K [0x00000000eab00000, 0x00000000eb100000, 0x0000000100000000)
  eden space 2560K, 0% used [0x00000000eab00000,0x00000000eab00000,0x00000000ead80000)
  from space 512K, 25% used [0x00000000eb080000,0x00000000eb0a0000,0x00000000eb100000)
  to   space 512K, 0% used [0x00000000eb000000,0x00000000eb000000,0x00000000eb080000)
 ParOldGen       total 679936K, used 679443K [0x00000000c0000000, 0x00000000e9800000, 0x00000000eab00000)
  object space 679936K, 99% used [0x00000000c0000000,0x00000000e9784d40,0x00000000e9800000)
 Metaspace       used 67973K, committed 69568K, reserved 1114112K
  class space    used 7007K, committed 7680K, reserved 1048576K
}
Event: 104.782 GC heap before
{Heap before GC invocations=650 (full 3):
 PSYoungGen      total 3072K, used 2688K [0x00000000eab00000, 0x00000000eb100000, 0x0000000100000000)
  eden space 2560K, 100% used [0x00000000eab00000,0x00000000ead80000,0x00000000ead80000)
  from space 512K, 25% used [0x00000000eb080000,0x00000000eb0a0000,0x00000000eb100000)
  to   space 512K, 0% used [0x00000000eb000000,0x00000000eb000000,0x00000000eb080000)
 ParOldGen       total 679936K, used 679443K [0x00000000c0000000, 0x00000000e9800000, 0x00000000eab00000)
  object space 679936K, 99% used [0x00000000c0000000,0x00000000e9784d40,0x00000000e9800000)
 Metaspace       used 68234K, committed 69760K, reserved 1114112K
  class space    used 7057K, committed 7680K, reserved 1048576K
}
Event: 104.786 GC heap after
{Heap after GC invocations=650 (full 3):
 PSYoungGen      total 3072K, used 128K [0x00000000eab00000, 0x00000000eb100000, 0x0000000100000000)
  eden space 2560K, 0% used [0x00000000eab00000,0x00000000eab00000,0x00000000ead80000)
  from space 512K, 25% used [0x00000000eb000000,0x00000000eb020000,0x00000000eb080000)
  to   space 512K, 0% used [0x00000000eb080000,0x00000000eb080000,0x00000000eb100000)
 ParOldGen       total 679936K, used 679491K [0x00000000c0000000, 0x00000000e9800000, 0x00000000eab00000)
  object space 679936K, 99% used [0x00000000c0000000,0x00000000e9790d40,0x00000000e9800000)
 Metaspace       used 68234K, committed 69760K, reserved 1114112K
  class space    used 7057K, committed 7680K, reserved 1048576K
}
Event: 104.962 GC heap before
{Heap before GC invocations=651 (full 3):
 PSYoungGen      total 3072K, used 2688K [0x00000000eab00000, 0x00000000eb100000, 0x0000000100000000)
  eden space 2560K, 100% used [0x00000000eab00000,0x00000000ead80000,0x00000000ead80000)
  from space 512K, 25% used [0x00000000eb000000,0x00000000eb020000,0x00000000eb080000)
  to   space 512K, 0% used [0x00000000eb080000,0x00000000eb080000,0x00000000eb100000)
 ParOldGen       total 679936K, used 679491K [0x00000000c0000000, 0x00000000e9800000, 0x00000000eab00000)
  object space 679936K, 99% used [0x00000000c0000000,0x00000000e9790d40,0x00000000e9800000)
 Metaspace       used 68559K, committed 70080K, reserved 1114112K
  class space    used 7090K, committed 7744K, reserved 1048576K
}
Event: 104.965 GC heap after
{Heap after GC invocations=651 (full 3):
 PSYoungGen      total 3072K, used 192K [0x00000000eab00000, 0x00000000eb100000, 0x0000000100000000)
  eden space 2560K, 0% used [0x00000000eab00000,0x00000000eab00000,0x00000000ead80000)
  from space 512K, 37% used [0x00000000eb080000,0x00000000eb0b0000,0x00000000eb100000)
  to   space 512K, 0% used [0x00000000eb000000,0x00000000eb000000,0x00000000eb080000)
 ParOldGen       total 679936K, used 679555K [0x00000000c0000000, 0x00000000e9800000, 0x00000000eab00000)
  object space 679936K, 99% used [0x00000000c0000000,0x00000000e97a0d40,0x00000000e9800000)
 Metaspace       used 68559K, committed 70080K, reserved 1114112K
  class space    used 7090K, committed 7744K, reserved 1048576K
}
Event: 105.915 GC heap before
{Heap before GC invocations=652 (full 3):
 PSYoungGen      total 3072K, used 2752K [0x00000000eab00000, 0x00000000eb100000, 0x0000000100000000)
  eden space 2560K, 100% used [0x00000000eab00000,0x00000000ead80000,0x00000000ead80000)
  from space 512K, 37% used [0x00000000eb080000,0x00000000eb0b0000,0x00000000eb100000)
  to   space 512K, 0% used [0x00000000eb000000,0x00000000eb000000,0x00000000eb080000)
 ParOldGen       total 679936K, used 679555K [0x00000000c0000000, 0x00000000e9800000, 0x00000000eab00000)
  object space 679936K, 99% used [0x00000000c0000000,0x00000000e97a0d40,0x00000000e9800000)
 Metaspace       used 68778K, committed 70336K, reserved 1114112K
  class space    used 7128K, committed 7808K, reserved 1048576K
}
Event: 105.919 GC heap after
{Heap after GC invocations=652 (full 3):
 PSYoungGen      total 3072K, used 160K [0x00000000eab00000, 0x00000000eb100000, 0x0000000100000000)
  eden space 2560K, 0% used [0x00000000eab00000,0x00000000eab00000,0x00000000ead80000)
  from space 512K, 31% used [0x00000000eb000000,0x00000000eb028000,0x00000000eb080000)
  to   space 512K, 0% used [0x00000000eb080000,0x00000000eb080000,0x00000000eb100000)
 ParOldGen       total 679936K, used 679651K [0x00000000c0000000, 0x00000000e9800000, 0x00000000eab00000)
  object space 679936K, 99% used [0x00000000c0000000,0x00000000e97b8d50,0x00000000e9800000)
 Metaspace       used 68778K, committed 70336K, reserved 1114112K
  class space    used 7128K, committed 7808K, reserved 1048576K
}
Event: 108.780 GC heap before
{Heap before GC invocations=653 (full 3):
 PSYoungGen      total 3072K, used 2716K [0x00000000eab00000, 0x00000000eb100000, 0x0000000100000000)
  eden space 2560K, 99% used [0x00000000eab00000,0x00000000ead7f3f0,0x00000000ead80000)
  from space 512K, 31% used [0x00000000eb000000,0x00000000eb028000,0x00000000eb080000)
  to   space 512K, 0% used [0x00000000eb080000,0x00000000eb080000,0x00000000eb100000)
 ParOldGen       total 679936K, used 679651K [0x00000000c0000000, 0x00000000e9800000, 0x00000000eab00000)
  object space 679936K, 99% used [0x00000000c0000000,0x00000000e97b8d50,0x00000000e9800000)
 Metaspace       used 69091K, committed 70656K, reserved 1114112K
  class space    used 7197K, committed 7872K, reserved 1048576K
}
Event: 108.784 GC heap after
{Heap after GC invocations=653 (full 3):
 PSYoungGen      total 3072K, used 128K [0x00000000eab00000, 0x00000000eb100000, 0x0000000100000000)
  eden space 2560K, 0% used [0x00000000eab00000,0x00000000eab00000,0x00000000ead80000)
  from space 512K, 25% used [0x00000000eb080000,0x00000000eb0a0000,0x00000000eb100000)
  to   space 512K, 0% used [0x00000000eb000000,0x00000000eb000000,0x00000000eb080000)
 ParOldGen       total 679936K, used 679763K [0x00000000c0000000, 0x00000000e9800000, 0x00000000eab00000)
  object space 679936K, 99% used [0x00000000c0000000,0x00000000e97d4d50,0x00000000e9800000)
 Metaspace       used 69091K, committed 70656K, reserved 1114112K
  class space    used 7197K, committed 7872K, reserved 1048576K
}

